2025-03-11 17:17:17 - __main__ - INFO - Downloading video: https://www.youtube.com/watch?v=t6ZI-u6D1fA - [youtube_downloader.py:340]
2025-03-11 17:17:35 - __main__ - INFO - Found YouTube cookies in browser - [youtube_downloader.py:220]
2025-03-11 17:17:35 - __main__ - INFO - Saved cookies to youtube_cookies.txt - [youtube_downloader.py:222]
2025-03-11 17:17:35 - __main__ - ERROR - Unexpected error downloading video https://www.youtube.com/watch?v=t6ZI-u6D1fA: 'youtube_cookies.txt' does not look like a Netscape format cookies file - [youtube_downloader.py:443]
2025-03-11 17:17:35 - __main__ - ERROR - Error downloading video https://www.youtube.com/watch?v=t6ZI-u6D1fA: 'youtube_cookies.txt' does not look like a Netscape format cookies file - [youtube_downloader.py:452]
2025-03-11 20:10:20 - __main__ - INFO - Downloading video: https://www.youtube.com/watch?v=t6ZI-u6D1fA - [youtube_downloader.py:244]
2025-03-11 20:10:45 - __main__ - INFO - Using browser cookies for authentication - [youtube_downloader.py:280]
2025-03-11 20:10:55 - __main__ - WARNING - Download failed, retrying... (Attempt 1/3) - [youtube_downloader.py:338]
2025-03-11 20:10:55 - __main__ - ERROR - Error downloading video https://www.youtube.com/watch?v=t6ZI-u6D1fA: name 'time' is not defined - [youtube_downloader.py:354]
2025-03-11 21:15:54 - __main__ - INFO - Downloading video: https://www.youtube.com/watch?v=t6ZI-u6D1fA - [youtube_downloader.py:227]
2025-03-11 21:15:58 - __main__ - WARNING - Authentication failed with chrome, trying next browser... - [youtube_downloader.py:316]
2025-03-11 21:15:58 - __main__ - ERROR - Error downloading video https://www.youtube.com/watch?v=t6ZI-u6D1fA: could not find firefox cookies database in '/Users/shawnshirazi/Library/Application Support/Firefox/Profiles' - [youtube_downloader.py:331]
2025-03-11 21:56:20 - __main__ - INFO - Downloading video: https://www.youtube.com/watch?v=t6ZI-u6D1fA - [youtube_downloader.py:227]
2025-03-11 21:56:24 - __main__ - ERROR - Error downloading video https://www.youtube.com/watch?v=t6ZI-u6D1fA: could not find firefox cookies database in '/Users/shawnshirazi/Library/Application Support/Firefox/Profiles' - [youtube_downloader.py:340]
2025-03-11 21:59:51 - __main__ - INFO - Downloading video: https://www.youtube.com/watch?v=t6ZI-u6D1fA - [youtube_downloader.py:185]
2025-03-11 22:00:10 - __main__ - INFO - Downloading video: https://www.youtube.com/watch?v=oM1XT18MM5s - [youtube_downloader.py:185]
2025-03-11 22:00:11 - __main__ - INFO - Downloading video: https://www.youtube.com/watch?v=-wGch5zRHx8 - [youtube_downloader.py:185]
2025-03-11 22:00:51 - __main__ - INFO - Downloading video: https://www.youtube.com/watch?v=17XDkmsBbLg - [youtube_downloader.py:185]
2025-03-11 22:02:51 - __main__ - INFO - Downloading video: https://www.youtube.com/watch?v=t6ZI-u6D1fA - [youtube_downloader.py:185]
2025-03-11 22:03:43 - __main__ - INFO - Download completed: Downloaded_Videos/Best_Workplace_Safety_Fails_May_2024_OSHA_Fails_Bad_Day_Work_Fails_VL_111.f137.mp4 - [youtube_downloader.py:144]
2025-03-11 22:03:56 - __main__ - INFO - Download completed: Downloaded_Videos/Best_Workplace_Safety_Fails_May_2024_OSHA_Fails_Bad_Day_Work_Fails_VL_111.f140.m4a - [youtube_downloader.py:144]
2025-03-11 22:03:56 - __main__ - INFO - Successfully downloaded video - [youtube_downloader.py:244]
2025-03-11 22:03:56 - __main__ - INFO - Downloading video: https://www.youtube.com/watch?v=oM1XT18MM5s - [youtube_downloader.py:185]
2025-03-11 22:04:12 - __main__ - INFO - Downloading video: https://www.youtube.com/watch?v=-wGch5zRHx8 - [youtube_downloader.py:185]
2025-03-11 22:04:43 - __main__ - INFO - Download completed: Downloaded_Videos/Daily_Safety_Fails_This_is_WHY_You_Don_t_Walk_Under_Racks_-_STAY_SAFE_racks_fails_warehouse.f134.mp4 - [youtube_downloader.py:144]
2025-03-11 22:04:48 - __main__ - INFO - Download completed: Downloaded_Videos/Daily_Safety_Fails_This_is_WHY_You_Don_t_Walk_Under_Racks_-_STAY_SAFE_racks_fails_warehouse.f140.m4a - [youtube_downloader.py:144]
2025-03-11 22:04:48 - __main__ - INFO - Successfully downloaded video - [youtube_downloader.py:244]
2025-03-11 22:04:48 - __main__ - INFO - Downloading video: https://www.youtube.com/watch?v=17XDkmsBbLg - [youtube_downloader.py:185]
2025-03-11 22:05:17 - __main__ - INFO - Download completed: Downloaded_Videos/Daily_Safety_Fails_Lifting_and_Rigging_Accident_on_Ship_safetyfails_fails_safetyfirst.f137.mp4 - [youtube_downloader.py:144]
2025-03-11 22:05:21 - __main__ - INFO - Download completed: Downloaded_Videos/Daily_Safety_Fails_Lifting_and_Rigging_Accident_on_Ship_safetyfails_fails_safetyfirst.f140.m4a - [youtube_downloader.py:144]
2025-03-11 22:05:21 - __main__ - ERROR - Error downloading video https://www.youtube.com/watch?v=17XDkmsBbLg: [Errno 2] No such file or directory: 'ffmpeg' - [youtube_downloader.py:276]
2025-03-11 22:50:05 - __main__ - INFO - Downloading video: https://www.youtube.com/watch?v=t6ZI-u6D1fA - [youtube_downloader.py:185]
2025-03-11 22:50:22 - __main__ - INFO - Successfully downloaded video - [youtube_downloader.py:244]
2025-03-11 22:50:22 - __main__ - INFO - Downloading video: https://www.youtube.com/watch?v=oM1XT18MM5s - [youtube_downloader.py:185]
2025-03-11 23:10:32 - download_thread_4585892896 - ERROR - Error downloading video https://www.youtube.com/shorts/Uu8m51vtOOA: Could not extract video ID from URL: https://www.youtube.com/shorts/Uu8m51vtOOA - [youtube_downloader.py:279]
2025-03-11 23:14:38 - download_thread_4585203616 - INFO - Downloading video: https://www.youtube.com/shorts/Uu8m51vtOOA - [youtube_downloader.py:186]
2025-03-11 23:15:16 - download_thread_4585203616 - INFO - Download completed: Downloaded_Videos/The_Process_of_making_a_Satellite_Antenna_is_truly_Amazing_shorts_ytshorts.f298.mp4 - [youtube_downloader.py:144]
2025-03-11 23:15:19 - download_thread_4585203616 - INFO - Download completed: Downloaded_Videos/The_Process_of_making_a_Satellite_Antenna_is_truly_Amazing_shorts_ytshorts.f140-drc.m4a - [youtube_downloader.py:144]
2025-03-11 23:15:19 - download_thread_4585203616 - INFO - Successfully downloaded video - [youtube_downloader.py:248]
